This file contains any messages produced by compilers while
running configure, to aid debugging if configure makes a mistake.

It was created by configure, which was
generated by GNU Autoconf 2.65.  Invocation command line was

  $ ./configure --host=mipsel-buildroot-linux-uclibc-

## --------- ##
## Platform. ##
## --------- ##

hostname = Rinyuki-Laptop
uname -m = x86_64
uname -r = 5.15.0-75-generic
uname -s = Linux
uname -v = #82~20.04.1-Ubuntu SMP Wed Jun 7 19:37:37 UTC 2023

/usr/bin/uname -p = x86_64
/bin/uname -X     = unknown

/bin/arch              = x86_64
/usr/bin/arch -k       = unknown
/usr/convex/getsysinfo = unknown
/usr/bin/hostinfo      = unknown
/bin/machine           = unknown
/usr/bin/oslevel       = unknown
/bin/universe          = unknown

PATH: /data2/buildroot-2023.02.3-wt/output/host/bin/
PATH: /usr/local/sbin
PATH: /usr/local/bin
PATH: /usr/sbin
PATH: /usr/bin
PATH: /sbin
PATH: /bin
PATH: /usr/games
PATH: /usr/local/games
PATH: /snap/bin
PATH: /root/n/bin


## ----------- ##
## Core tests. ##
## ----------- ##

configure:2256: checking for a BSD-compatible install
configure:2324: result: /usr/bin/install -c
configure:2335: checking whether build environment is sane
configure:2385: result: yes
configure:2434: checking for mipsel-buildroot-linux-uclibc--strip
configure:2464: result: no
configure:2474: checking for strip
configure:2490: found /usr/bin/strip
configure:2501: result: strip
configure:2526: checking for a thread-safe mkdir -p
configure:2565: result: /usr/bin/mkdir -p
configure:2578: checking for gawk
configure:2594: found /usr/bin/gawk
configure:2605: result: gawk
configure:2616: checking whether make sets $(MAKE)
configure:2638: result: yes
configure:2722: checking whether to enable maintainer-specific portions of Makefiles
configure:2731: result: no
configure:2749: checking for gawk
configure:2776: result: gawk
configure:2795: checking for mipsel-buildroot-linux-uclibc--gcc
configure:2825: result: no
configure:2835: checking for gcc
configure:2851: found /usr/bin/gcc
configure:2862: result: gcc
configure:3091: checking for C compiler version
configure:3100: gcc --version >&5
gcc (Ubuntu 9.4.0-1ubuntu1~20.04.1) 9.4.0
Copyright (C) 2019 Free Software Foundation, Inc.
This is free software; see the source for copying conditions.  There is NO
warranty; not even for MERCHANTABILITY or FITNESS FOR A PARTICULAR PURPOSE.

configure:3111: $? = 0
configure:3100: gcc -v >&5
Using built-in specs.
COLLECT_GCC=gcc
COLLECT_LTO_WRAPPER=/usr/lib/gcc/x86_64-linux-gnu/9/lto-wrapper
OFFLOAD_TARGET_NAMES=nvptx-none:hsa
OFFLOAD_TARGET_DEFAULT=1
Target: x86_64-linux-gnu
Configured with: ../src/configure -v --with-pkgversion='Ubuntu 9.4.0-1ubuntu1~20.04.1' --with-bugurl=file:///usr/share/doc/gcc-9/README.Bugs --enable-languages=c,ada,c++,go,brig,d,fortran,objc,obj-c++,gm2 --prefix=/usr --with-gcc-major-version-only --program-suffix=-9 --program-prefix=x86_64-linux-gnu- --enable-shared --enable-linker-build-id --libexecdir=/usr/lib --without-included-gettext --enable-threads=posix --libdir=/usr/lib --enable-nls --enable-clocale=gnu --enable-libstdcxx-debug --enable-libstdcxx-time=yes --with-default-libstdcxx-abi=new --enable-gnu-unique-object --disable-vtable-verify --enable-plugin --enable-default-pie --with-system-zlib --with-target-system-zlib=auto --enable-objc-gc=auto --enable-multiarch --disable-werror --with-arch-32=i686 --with-abi=m64 --with-multilib-list=m32,m64,mx32 --enable-multilib --with-tune=generic --enable-offload-targets=nvptx-none=/build/gcc-9-Av3uEd/gcc-9-9.4.0/debian/tmp-nvptx/usr,hsa --without-cuda-driver --enable-checking=release --build=x86_64-linux-gnu --host=x86_64-linux-gnu --target=x86_64-linux-gnu
Thread model: posix
gcc version 9.4.0 (Ubuntu 9.4.0-1ubuntu1~20.04.1) 
configure:3111: $? = 0
configure:3100: gcc -V >&5
gcc: error: unrecognized command line option '-V'
gcc: fatal error: no input files
compilation terminated.
configure:3111: $? = 1
configure:3100: gcc -qversion >&5
gcc: error: unrecognized command line option '-qversion'; did you mean '--version'?
gcc: fatal error: no input files
compilation terminated.
configure:3111: $? = 1
configure:3131: checking whether the C compiler works
configure:3153: gcc    conftest.c  >&5
configure:3157: $? = 0
configure:3206: result: yes
configure:3209: checking for C compiler default output file name
configure:3211: result: a.out
configure:3217: checking for suffix of executables
configure:3224: gcc -o conftest    conftest.c  >&5
configure:3228: $? = 0
configure:3250: result: 
configure:3272: checking whether we are cross compiling
configure:3280: gcc -o conftest    conftest.c  >&5
configure:3284: $? = 0
configure:3291: ./conftest
configure:3295: $? = 0
configure:3283: result: no
configure:3288: checking for suffix of object files
configure:3310: gcc -c   conftest.c >&5
configure:3314: $? = 0
configure:3335: result: o
configure:3339: checking whether we are using the GNU C compiler
configure:3358: gcc -c   conftest.c >&5
configure:3358: $? = 0
configure:3367: result: yes
configure:3376: checking whether gcc accepts -g
configure:3396: gcc -c -g  conftest.c >&5
configure:3396: $? = 0
configure:3437: result: yes
configure:3454: checking for gcc option to accept ISO C89
configure:3518: gcc  -c -g -O2  conftest.c >&5
configure:3518: $? = 0
configure:3531: result: none needed
configure:3562: checking for style of include used by make
configure:3590: result: GNU
configure:3615: checking dependency style of gcc
configure:3725: result: gcc3
configure:3743: checking for ln
configure:3761: found /usr/bin/ln
configure:3774: result: /usr/bin/ln
configure:3782: checking whether ln -s works
configure:3786: result: yes
configure:3796: checking for mipsel-buildroot-linux-uclibc--ranlib
configure:3826: result: no
configure:3836: checking for ranlib
configure:3852: found /usr/bin/ranlib
configure:3863: result: ranlib
configure:3892: checking how to run the C preprocessor
configure:3923: gcc -E  conftest.c
configure:3923: $? = 0
configure:3937: gcc -E  conftest.c
conftest.c:11:10: fatal error: ac_nonexistent.h: No such file or directory
   11 | #include <ac_nonexistent.h>
      |          ^~~~~~~~~~~~~~~~~~
compilation terminated.
configure:3937: $? = 1
configure: failed program was:
| /* confdefs.h */
| #define PACKAGE_NAME ""
| #define PACKAGE_TARNAME ""
| #define PACKAGE_VERSION ""
| #define PACKAGE_STRING ""
| #define PACKAGE_BUGREPORT ""
| #define PACKAGE_URL ""
| #define PACKAGE "jfsutils"
| #define VERSION "1.1.15"
| /* end confdefs.h.  */
| #include <ac_nonexistent.h>
configure:3962: result: gcc -E
configure:3982: gcc -E  conftest.c
configure:3982: $? = 0
configure:3996: gcc -E  conftest.c
conftest.c:11:10: fatal error: ac_nonexistent.h: No such file or directory
   11 | #include <ac_nonexistent.h>
      |          ^~~~~~~~~~~~~~~~~~
compilation terminated.
configure:3996: $? = 1
configure: failed program was:
| /* confdefs.h */
| #define PACKAGE_NAME ""
| #define PACKAGE_TARNAME ""
| #define PACKAGE_VERSION ""
| #define PACKAGE_STRING ""
| #define PACKAGE_BUGREPORT ""
| #define PACKAGE_URL ""
| #define PACKAGE "jfsutils"
| #define VERSION "1.1.15"
| /* end confdefs.h.  */
| #include <ac_nonexistent.h>
configure:4025: checking for grep that handles long lines and -e
configure:4083: result: /usr/bin/grep
configure:4088: checking for egrep
configure:4150: result: /usr/bin/grep -E
configure:4155: checking for ANSI C header files
configure:4175: gcc -c -g -O2  conftest.c >&5
configure:4175: $? = 0
configure:4248: gcc -o conftest -g -O2   conftest.c  >&5
configure:4248: $? = 0
configure:4248: ./conftest
configure:4248: $? = 0
configure:4259: result: yes
configure:4272: checking for sys/types.h
configure:4272: gcc -c -g -O2  conftest.c >&5
configure:4272: $? = 0
configure:4272: result: yes
configure:4272: checking for sys/stat.h
configure:4272: gcc -c -g -O2  conftest.c >&5
configure:4272: $? = 0
configure:4272: result: yes
configure:4272: checking for stdlib.h
configure:4272: gcc -c -g -O2  conftest.c >&5
configure:4272: $? = 0
configure:4272: result: yes
configure:4272: checking for string.h
configure:4272: gcc -c -g -O2  conftest.c >&5
configure:4272: $? = 0
configure:4272: result: yes
configure:4272: checking for memory.h
configure:4272: gcc -c -g -O2  conftest.c >&5
configure:4272: $? = 0
configure:4272: result: yes
configure:4272: checking for strings.h
configure:4272: gcc -c -g -O2  conftest.c >&5
configure:4272: $? = 0
configure:4272: result: yes
configure:4272: checking for inttypes.h
configure:4272: gcc -c -g -O2  conftest.c >&5
configure:4272: $? = 0
configure:4272: result: yes
configure:4272: checking for stdint.h
configure:4272: gcc -c -g -O2  conftest.c >&5
configure:4272: $? = 0
configure:4272: result: yes
configure:4272: checking for unistd.h
configure:4272: gcc -c -g -O2  conftest.c >&5
configure:4272: $? = 0
configure:4272: result: yes
configure:4288: checking endian.h usability
configure:4288: gcc -c -g -O2  conftest.c >&5
configure:4288: $? = 0
configure:4288: result: yes
configure:4288: checking endian.h presence
configure:4288: gcc -E  conftest.c
configure:4288: $? = 0
configure:4288: result: yes
configure:4288: checking for endian.h
configure:4288: result: yes
configure:4288: checking fcntl.h usability
configure:4288: gcc -c -g -O2  conftest.c >&5
configure:4288: $? = 0
configure:4288: result: yes
configure:4288: checking fcntl.h presence
configure:4288: gcc -E  conftest.c
configure:4288: $? = 0
configure:4288: result: yes
configure:4288: checking for fcntl.h
configure:4288: result: yes
configure:4288: checking mntent.h usability
configure:4288: gcc -c -g -O2  conftest.c >&5
configure:4288: $? = 0
configure:4288: result: yes
configure:4288: checking mntent.h presence
configure:4288: gcc -E  conftest.c
configure:4288: $? = 0
configure:4288: result: yes
configure:4288: checking for mntent.h
configure:4288: result: yes
configure:4288: checking for unistd.h
configure:4288: result: yes
configure:4288: checking stdbool.h usability
configure:4288: gcc -c -g -O2  conftest.c >&5
configure:4288: $? = 0
configure:4288: result: yes
configure:4288: checking stdbool.h presence
configure:4288: gcc -E  conftest.c
configure:4288: $? = 0
configure:4288: result: yes
configure:4288: checking for stdbool.h
configure:4288: result: yes
configure:4288: checking for stdint.h
configure:4288: result: yes
configure:4288: checking machine/endian.h usability
configure:4288: gcc -c -g -O2  conftest.c >&5
conftest.c:60:10: fatal error: machine/endian.h: No such file or directory
   60 | #include <machine/endian.h>
      |          ^~~~~~~~~~~~~~~~~~
compilation terminated.
configure:4288: $? = 1
configure: failed program was:
| /* confdefs.h */
| #define PACKAGE_NAME ""
| #define PACKAGE_TARNAME ""
| #define PACKAGE_VERSION ""
| #define PACKAGE_STRING ""
| #define PACKAGE_BUGREPORT ""
| #define PACKAGE_URL ""
| #define PACKAGE "jfsutils"
| #define VERSION "1.1.15"
| #define STDC_HEADERS 1
| #define HAVE_SYS_TYPES_H 1
| #define HAVE_SYS_STAT_H 1
| #define HAVE_STDLIB_H 1
| #define HAVE_STRING_H 1
| #define HAVE_MEMORY_H 1
| #define HAVE_STRINGS_H 1
| #define HAVE_INTTYPES_H 1
| #define HAVE_STDINT_H 1
| #define HAVE_UNISTD_H 1
| #define HAVE_ENDIAN_H 1
| #define HAVE_FCNTL_H 1
| #define HAVE_MNTENT_H 1
| #define HAVE_UNISTD_H 1
| #define HAVE_STDBOOL_H 1
| #define HAVE_STDINT_H 1
| /* end confdefs.h.  */
| #include <stdio.h>
| #ifdef HAVE_SYS_TYPES_H
| # include <sys/types.h>
| #endif
| #ifdef HAVE_SYS_STAT_H
| # include <sys/stat.h>
| #endif
| #ifdef STDC_HEADERS
| # include <stdlib.h>
| # include <stddef.h>
| #else
| # ifdef HAVE_STDLIB_H
| #  include <stdlib.h>
| # endif
| #endif
| #ifdef HAVE_STRING_H
| # if !defined STDC_HEADERS && defined HAVE_MEMORY_H
| #  include <memory.h>
| # endif
| # include <string.h>
| #endif
| #ifdef HAVE_STRINGS_H
| # include <strings.h>
| #endif
| #ifdef HAVE_INTTYPES_H
| # include <inttypes.h>
| #endif
| #ifdef HAVE_STDINT_H
| # include <stdint.h>
| #endif
| #ifdef HAVE_UNISTD_H
| # include <unistd.h>
| #endif
| #include <machine/endian.h>
configure:4288: result: no
configure:4288: checking machine/endian.h presence
configure:4288: gcc -E  conftest.c
conftest.c:27:10: fatal error: machine/endian.h: No such file or directory
   27 | #include <machine/endian.h>
      |          ^~~~~~~~~~~~~~~~~~
compilation terminated.
configure:4288: $? = 1
configure: failed program was:
| /* confdefs.h */
| #define PACKAGE_NAME ""
| #define PACKAGE_TARNAME ""
| #define PACKAGE_VERSION ""
| #define PACKAGE_STRING ""
| #define PACKAGE_BUGREPORT ""
| #define PACKAGE_URL ""
| #define PACKAGE "jfsutils"
| #define VERSION "1.1.15"
| #define STDC_HEADERS 1
| #define HAVE_SYS_TYPES_H 1
| #define HAVE_SYS_STAT_H 1
| #define HAVE_STDLIB_H 1
| #define HAVE_STRING_H 1
| #define HAVE_MEMORY_H 1
| #define HAVE_STRINGS_H 1
| #define HAVE_INTTYPES_H 1
| #define HAVE_STDINT_H 1
| #define HAVE_UNISTD_H 1
| #define HAVE_ENDIAN_H 1
| #define HAVE_FCNTL_H 1
| #define HAVE_MNTENT_H 1
| #define HAVE_UNISTD_H 1
| #define HAVE_STDBOOL_H 1
| #define HAVE_STDINT_H 1
| /* end confdefs.h.  */
| #include <machine/endian.h>
configure:4288: result: no
configure:4288: checking for machine/endian.h
configure:4288: result: no
configure:4288: checking sys/byteorder.h usability
configure:4288: gcc -c -g -O2  conftest.c >&5
conftest.c:60:10: fatal error: sys/byteorder.h: No such file or directory
   60 | #include <sys/byteorder.h>
      |          ^~~~~~~~~~~~~~~~~
compilation terminated.
configure:4288: $? = 1
configure: failed program was:
| /* confdefs.h */
| #define PACKAGE_NAME ""
| #define PACKAGE_TARNAME ""
| #define PACKAGE_VERSION ""
| #define PACKAGE_STRING ""
| #define PACKAGE_BUGREPORT ""
| #define PACKAGE_URL ""
| #define PACKAGE "jfsutils"
| #define VERSION "1.1.15"
| #define STDC_HEADERS 1
| #define HAVE_SYS_TYPES_H 1
| #define HAVE_SYS_STAT_H 1
| #define HAVE_STDLIB_H 1
| #define HAVE_STRING_H 1
| #define HAVE_MEMORY_H 1
| #define HAVE_STRINGS_H 1
| #define HAVE_INTTYPES_H 1
| #define HAVE_STDINT_H 1
| #define HAVE_UNISTD_H 1
| #define HAVE_ENDIAN_H 1
| #define HAVE_FCNTL_H 1
| #define HAVE_MNTENT_H 1
| #define HAVE_UNISTD_H 1
| #define HAVE_STDBOOL_H 1
| #define HAVE_STDINT_H 1
| /* end confdefs.h.  */
| #include <stdio.h>
| #ifdef HAVE_SYS_TYPES_H
| # include <sys/types.h>
| #endif
| #ifdef HAVE_SYS_STAT_H
| # include <sys/stat.h>
| #endif
| #ifdef STDC_HEADERS
| # include <stdlib.h>
| # include <stddef.h>
| #else
| # ifdef HAVE_STDLIB_H
| #  include <stdlib.h>
| # endif
| #endif
| #ifdef HAVE_STRING_H
| # if !defined STDC_HEADERS && defined HAVE_MEMORY_H
| #  include <memory.h>
| # endif
| # include <string.h>
| #endif
| #ifdef HAVE_STRINGS_H
| # include <strings.h>
| #endif
| #ifdef HAVE_INTTYPES_H
| # include <inttypes.h>
| #endif
| #ifdef HAVE_STDINT_H
| # include <stdint.h>
| #endif
| #ifdef HAVE_UNISTD_H
| # include <unistd.h>
| #endif
| #include <sys/byteorder.h>
configure:4288: result: no
configure:4288: checking sys/byteorder.h presence
configure:4288: gcc -E  conftest.c
conftest.c:27:10: fatal error: sys/byteorder.h: No such file or directory
   27 | #include <sys/byteorder.h>
      |          ^~~~~~~~~~~~~~~~~
compilation terminated.
configure:4288: $? = 1
configure: failed program was:
| /* confdefs.h */
| #define PACKAGE_NAME ""
| #define PACKAGE_TARNAME ""
| #define PACKAGE_VERSION ""
| #define PACKAGE_STRING ""
| #define PACKAGE_BUGREPORT ""
| #define PACKAGE_URL ""
| #define PACKAGE "jfsutils"
| #define VERSION "1.1.15"
| #define STDC_HEADERS 1
| #define HAVE_SYS_TYPES_H 1
| #define HAVE_SYS_STAT_H 1
| #define HAVE_STDLIB_H 1
| #define HAVE_STRING_H 1
| #define HAVE_MEMORY_H 1
| #define HAVE_STRINGS_H 1
| #define HAVE_INTTYPES_H 1
| #define HAVE_STDINT_H 1
| #define HAVE_UNISTD_H 1
| #define HAVE_ENDIAN_H 1
| #define HAVE_FCNTL_H 1
| #define HAVE_MNTENT_H 1
| #define HAVE_UNISTD_H 1
| #define HAVE_STDBOOL_H 1
| #define HAVE_STDINT_H 1
| /* end confdefs.h.  */
| #include <sys/byteorder.h>
configure:4288: result: no
configure:4288: checking for sys/byteorder.h
configure:4288: result: no
configure:4288: checking sys/mount.h usability
configure:4288: gcc -c -g -O2  conftest.c >&5
configure:4288: $? = 0
configure:4288: result: yes
configure:4288: checking sys/mount.h presence
configure:4288: gcc -E  conftest.c
configure:4288: $? = 0
configure:4288: result: yes
configure:4288: checking for sys/mount.h
configure:4288: result: yes
configure:4288: checking sys/param.h usability
configure:4288: gcc -c -g -O2  conftest.c >&5
configure:4288: $? = 0
configure:4288: result: yes
configure:4288: checking sys/param.h presence
configure:4288: gcc -E  conftest.c
configure:4288: $? = 0
configure:4288: result: yes
configure:4288: checking for sys/param.h
configure:4288: result: yes
configure:4288: checking sys/statvfs.h usability
configure:4288: gcc -c -g -O2  conftest.c >&5
configure:4288: $? = 0
configure:4288: result: yes
configure:4288: checking sys/statvfs.h presence
configure:4288: gcc -E  conftest.c
configure:4288: $? = 0
configure:4288: result: yes
configure:4288: checking for sys/statvfs.h
configure:4288: result: yes
configure:4288: checking sys/sysmacros.h usability
configure:4288: gcc -c -g -O2  conftest.c >&5
configure:4288: $? = 0
configure:4288: result: yes
configure:4288: checking sys/sysmacros.h presence
configure:4288: gcc -E  conftest.c
configure:4288: $? = 0
configure:4288: result: yes
configure:4288: checking for sys/sysmacros.h
configure:4288: result: yes
configure:4288: checking sys/disklabel.h usability
configure:4288: gcc -c -g -O2  conftest.c >&5
conftest.c:64:10: fatal error: sys/disklabel.h: No such file or directory
   64 | #include <sys/disklabel.h>
      |          ^~~~~~~~~~~~~~~~~
compilation terminated.
configure:4288: $? = 1
configure: failed program was:
| /* confdefs.h */
| #define PACKAGE_NAME ""
| #define PACKAGE_TARNAME ""
| #define PACKAGE_VERSION ""
| #define PACKAGE_STRING ""
| #define PACKAGE_BUGREPORT ""
| #define PACKAGE_URL ""
| #define PACKAGE "jfsutils"
| #define VERSION "1.1.15"
| #define STDC_HEADERS 1
| #define HAVE_SYS_TYPES_H 1
| #define HAVE_SYS_STAT_H 1
| #define HAVE_STDLIB_H 1
| #define HAVE_STRING_H 1
| #define HAVE_MEMORY_H 1
| #define HAVE_STRINGS_H 1
| #define HAVE_INTTYPES_H 1
| #define HAVE_STDINT_H 1
| #define HAVE_UNISTD_H 1
| #define HAVE_ENDIAN_H 1
| #define HAVE_FCNTL_H 1
| #define HAVE_MNTENT_H 1
| #define HAVE_UNISTD_H 1
| #define HAVE_STDBOOL_H 1
| #define HAVE_STDINT_H 1
| #define HAVE_SYS_MOUNT_H 1
| #define HAVE_SYS_PARAM_H 1
| #define HAVE_SYS_STATVFS_H 1
| #define HAVE_SYS_SYSMACROS_H 1
| /* end confdefs.h.  */
| #include <stdio.h>
| #ifdef HAVE_SYS_TYPES_H
| # include <sys/types.h>
| #endif
| #ifdef HAVE_SYS_STAT_H
| # include <sys/stat.h>
| #endif
| #ifdef STDC_HEADERS
| # include <stdlib.h>
| # include <stddef.h>
| #else
| # ifdef HAVE_STDLIB_H
| #  include <stdlib.h>
| # endif
| #endif
| #ifdef HAVE_STRING_H
| # if !defined STDC_HEADERS && defined HAVE_MEMORY_H
| #  include <memory.h>
| # endif
| # include <string.h>
| #endif
| #ifdef HAVE_STRINGS_H
| # include <strings.h>
| #endif
| #ifdef HAVE_INTTYPES_H
| # include <inttypes.h>
| #endif
| #ifdef HAVE_STDINT_H
| # include <stdint.h>
| #endif
| #ifdef HAVE_UNISTD_H
| # include <unistd.h>
| #endif
| #include <sys/disklabel.h>
configure:4288: result: no
configure:4288: checking sys/disklabel.h presence
configure:4288: gcc -E  conftest.c
conftest.c:31:10: fatal error: sys/disklabel.h: No such file or directory
   31 | #include <sys/disklabel.h>
      |          ^~~~~~~~~~~~~~~~~
compilation terminated.
configure:4288: $? = 1
configure: failed program was:
| /* confdefs.h */
| #define PACKAGE_NAME ""
| #define PACKAGE_TARNAME ""
| #define PACKAGE_VERSION ""
| #define PACKAGE_STRING ""
| #define PACKAGE_BUGREPORT ""
| #define PACKAGE_URL ""
| #define PACKAGE "jfsutils"
| #define VERSION "1.1.15"
| #define STDC_HEADERS 1
| #define HAVE_SYS_TYPES_H 1
| #define HAVE_SYS_STAT_H 1
| #define HAVE_STDLIB_H 1
| #define HAVE_STRING_H 1
| #define HAVE_MEMORY_H 1
| #define HAVE_STRINGS_H 1
| #define HAVE_INTTYPES_H 1
| #define HAVE_STDINT_H 1
| #define HAVE_UNISTD_H 1
| #define HAVE_ENDIAN_H 1
| #define HAVE_FCNTL_H 1
| #define HAVE_MNTENT_H 1
| #define HAVE_UNISTD_H 1
| #define HAVE_STDBOOL_H 1
| #define HAVE_STDINT_H 1
| #define HAVE_SYS_MOUNT_H 1
| #define HAVE_SYS_PARAM_H 1
| #define HAVE_SYS_STATVFS_H 1
| #define HAVE_SYS_SYSMACROS_H 1
| /* end confdefs.h.  */
| #include <sys/disklabel.h>
configure:4288: result: no
configure:4288: checking for sys/disklabel.h
configure:4288: result: no
configure:4301: checking uuid/uuid.h usability
configure:4301: gcc -c -g -O2  conftest.c >&5
configure:4301: $? = 0
configure:4301: result: yes
configure:4301: checking uuid/uuid.h presence
configure:4301: gcc -E  conftest.c
configure:4301: $? = 0
configure:4301: result: yes
configure:4301: checking for uuid/uuid.h
configure:4301: result: yes
configure:4314: checking for an ANSI C-conforming const
configure:4379: gcc -c -g -O2  conftest.c >&5
configure:4379: $? = 0
configure:4386: result: yes
configure:4394: checking for inline
configure:4410: gcc -c -g -O2  conftest.c >&5
configure:4410: $? = 0
configure:4418: result: inline
configure:4436: checking for mode_t
configure:4436: gcc -c -g -O2  conftest.c >&5
configure:4436: $? = 0
configure:4436: gcc -c -g -O2  conftest.c >&5
conftest.c: In function 'main':
conftest.c:68:21: error: expected expression before ')' token
   68 | if (sizeof ((mode_t)))
      |                     ^
configure:4436: $? = 1
configure: failed program was:
| /* confdefs.h */
| #define PACKAGE_NAME ""
| #define PACKAGE_TARNAME ""
| #define PACKAGE_VERSION ""
| #define PACKAGE_STRING ""
| #define PACKAGE_BUGREPORT ""
| #define PACKAGE_URL ""
| #define PACKAGE "jfsutils"
| #define VERSION "1.1.15"
| #define STDC_HEADERS 1
| #define HAVE_SYS_TYPES_H 1
| #define HAVE_SYS_STAT_H 1
| #define HAVE_STDLIB_H 1
| #define HAVE_STRING_H 1
| #define HAVE_MEMORY_H 1
| #define HAVE_STRINGS_H 1
| #define HAVE_INTTYPES_H 1
| #define HAVE_STDINT_H 1
| #define HAVE_UNISTD_H 1
| #define HAVE_ENDIAN_H 1
| #define HAVE_FCNTL_H 1
| #define HAVE_MNTENT_H 1
| #define HAVE_UNISTD_H 1
| #define HAVE_STDBOOL_H 1
| #define HAVE_STDINT_H 1
| #define HAVE_SYS_MOUNT_H 1
| #define HAVE_SYS_PARAM_H 1
| #define HAVE_SYS_STATVFS_H 1
| #define HAVE_SYS_SYSMACROS_H 1
| #define HAVE_UUID_UUID_H 1
| /* end confdefs.h.  */
| #include <stdio.h>
| #ifdef HAVE_SYS_TYPES_H
| # include <sys/types.h>
| #endif
| #ifdef HAVE_SYS_STAT_H
| # include <sys/stat.h>
| #endif
| #ifdef STDC_HEADERS
| # include <stdlib.h>
| # include <stddef.h>
| #else
| # ifdef HAVE_STDLIB_H
| #  include <stdlib.h>
| # endif
| #endif
| #ifdef HAVE_STRING_H
| # if !defined STDC_HEADERS && defined HAVE_MEMORY_H
| #  include <memory.h>
| # endif
| # include <string.h>
| #endif
| #ifdef HAVE_STRINGS_H
| # include <strings.h>
| #endif
| #ifdef HAVE_INTTYPES_H
| # include <inttypes.h>
| #endif
| #ifdef HAVE_STDINT_H
| # include <stdint.h>
| #endif
| #ifdef HAVE_UNISTD_H
| # include <unistd.h>
| #endif
| int
| main ()
| {
| if (sizeof ((mode_t)))
| 	    return 0;
|   ;
|   return 0;
| }
configure:4436: result: yes
configure:4447: checking for off_t
configure:4447: gcc -c -g -O2  conftest.c >&5
configure:4447: $? = 0
configure:4447: gcc -c -g -O2  conftest.c >&5
conftest.c: In function 'main':
conftest.c:68:20: error: expected expression before ')' token
   68 | if (sizeof ((off_t)))
      |                    ^
configure:4447: $? = 1
configure: failed program was:
| /* confdefs.h */
| #define PACKAGE_NAME ""
| #define PACKAGE_TARNAME ""
| #define PACKAGE_VERSION ""
| #define PACKAGE_STRING ""
| #define PACKAGE_BUGREPORT ""
| #define PACKAGE_URL ""
| #define PACKAGE "jfsutils"
| #define VERSION "1.1.15"
| #define STDC_HEADERS 1
| #define HAVE_SYS_TYPES_H 1
| #define HAVE_SYS_STAT_H 1
| #define HAVE_STDLIB_H 1
| #define HAVE_STRING_H 1
| #define HAVE_MEMORY_H 1
| #define HAVE_STRINGS_H 1
| #define HAVE_INTTYPES_H 1
| #define HAVE_STDINT_H 1
| #define HAVE_UNISTD_H 1
| #define HAVE_ENDIAN_H 1
| #define HAVE_FCNTL_H 1
| #define HAVE_MNTENT_H 1
| #define HAVE_UNISTD_H 1
| #define HAVE_STDBOOL_H 1
| #define HAVE_STDINT_H 1
| #define HAVE_SYS_MOUNT_H 1
| #define HAVE_SYS_PARAM_H 1
| #define HAVE_SYS_STATVFS_H 1
| #define HAVE_SYS_SYSMACROS_H 1
| #define HAVE_UUID_UUID_H 1
| /* end confdefs.h.  */
| #include <stdio.h>
| #ifdef HAVE_SYS_TYPES_H
| # include <sys/types.h>
| #endif
| #ifdef HAVE_SYS_STAT_H
| # include <sys/stat.h>
| #endif
| #ifdef STDC_HEADERS
| # include <stdlib.h>
| # include <stddef.h>
| #else
| # ifdef HAVE_STDLIB_H
| #  include <stdlib.h>
| # endif
| #endif
| #ifdef HAVE_STRING_H
| # if !defined STDC_HEADERS && defined HAVE_MEMORY_H
| #  include <memory.h>
| # endif
| # include <string.h>
| #endif
| #ifdef HAVE_STRINGS_H
| # include <strings.h>
| #endif
| #ifdef HAVE_INTTYPES_H
| # include <inttypes.h>
| #endif
| #ifdef HAVE_STDINT_H
| # include <stdint.h>
| #endif
| #ifdef HAVE_UNISTD_H
| # include <unistd.h>
| #endif
| int
| main ()
| {
| if (sizeof ((off_t)))
| 	    return 0;
|   ;
|   return 0;
| }
configure:4447: result: yes
configure:4458: checking for size_t
configure:4458: gcc -c -g -O2  conftest.c >&5
configure:4458: $? = 0
configure:4458: gcc -c -g -O2  conftest.c >&5
conftest.c: In function 'main':
conftest.c:68:21: error: expected expression before ')' token
   68 | if (sizeof ((size_t)))
      |                     ^
configure:4458: $? = 1
configure: failed program was:
| /* confdefs.h */
| #define PACKAGE_NAME ""
| #define PACKAGE_TARNAME ""
| #define PACKAGE_VERSION ""
| #define PACKAGE_STRING ""
| #define PACKAGE_BUGREPORT ""
| #define PACKAGE_URL ""
| #define PACKAGE "jfsutils"
| #define VERSION "1.1.15"
| #define STDC_HEADERS 1
| #define HAVE_SYS_TYPES_H 1
| #define HAVE_SYS_STAT_H 1
| #define HAVE_STDLIB_H 1
| #define HAVE_STRING_H 1
| #define HAVE_MEMORY_H 1
| #define HAVE_STRINGS_H 1
| #define HAVE_INTTYPES_H 1
| #define HAVE_STDINT_H 1
| #define HAVE_UNISTD_H 1
| #define HAVE_ENDIAN_H 1
| #define HAVE_FCNTL_H 1
| #define HAVE_MNTENT_H 1
| #define HAVE_UNISTD_H 1
| #define HAVE_STDBOOL_H 1
| #define HAVE_STDINT_H 1
| #define HAVE_SYS_MOUNT_H 1
| #define HAVE_SYS_PARAM_H 1
| #define HAVE_SYS_STATVFS_H 1
| #define HAVE_SYS_SYSMACROS_H 1
| #define HAVE_UUID_UUID_H 1
| /* end confdefs.h.  */
| #include <stdio.h>
| #ifdef HAVE_SYS_TYPES_H
| # include <sys/types.h>
| #endif
| #ifdef HAVE_SYS_STAT_H
| # include <sys/stat.h>
| #endif
| #ifdef STDC_HEADERS
| # include <stdlib.h>
| # include <stddef.h>
| #else
| # ifdef HAVE_STDLIB_H
| #  include <stdlib.h>
| # endif
| #endif
| #ifdef HAVE_STRING_H
| # if !defined STDC_HEADERS && defined HAVE_MEMORY_H
| #  include <memory.h>
| # endif
| # include <string.h>
| #endif
| #ifdef HAVE_STRINGS_H
| # include <strings.h>
| #endif
| #ifdef HAVE_INTTYPES_H
| # include <inttypes.h>
| #endif
| #ifdef HAVE_STDINT_H
| # include <stdint.h>
| #endif
| #ifdef HAVE_UNISTD_H
| # include <unistd.h>
| #endif
| int
| main ()
| {
| if (sizeof ((size_t)))
| 	    return 0;
|   ;
|   return 0;
| }
configure:4458: result: yes
configure:4469: checking for struct stat.st_rdev
configure:4469: gcc -c -g -O2  conftest.c >&5
configure:4469: $? = 0
configure:4469: result: yes
configure:4482: checking whether struct tm is in sys/time.h or time.h
configure:4502: gcc -c -g -O2  conftest.c >&5
configure:4502: $? = 0
configure:4509: result: time.h
configure:4518: checking for working memcmp
configure:4561: gcc -o conftest -g -O2   conftest.c  >&5
configure:4561: $? = 0
configure:4561: ./conftest
configure:4561: $? = 0
configure:4571: result: yes
configure:4583: checking for getcwd
configure:4583: gcc -o conftest -g -O2   conftest.c  >&5
configure:4583: $? = 0
configure:4583: result: yes
configure:4583: checking for getmntinfo
configure:4583: gcc -o conftest -g -O2   conftest.c  >&5
/usr/bin/ld: /tmp/ccovpFgO.o: in function `main':
/data2/jfsutils-1.1.15/conftest.c:69: undefined reference to `getmntinfo'
collect2: error: ld returned 1 exit status
configure:4583: $? = 1
configure: failed program was:
| /* confdefs.h */
| #define PACKAGE_NAME ""
| #define PACKAGE_TARNAME ""
| #define PACKAGE_VERSION ""
| #define PACKAGE_STRING ""
| #define PACKAGE_BUGREPORT ""
| #define PACKAGE_URL ""
| #define PACKAGE "jfsutils"
| #define VERSION "1.1.15"
| #define STDC_HEADERS 1
| #define HAVE_SYS_TYPES_H 1
| #define HAVE_SYS_STAT_H 1
| #define HAVE_STDLIB_H 1
| #define HAVE_STRING_H 1
| #define HAVE_MEMORY_H 1
| #define HAVE_STRINGS_H 1
| #define HAVE_INTTYPES_H 1
| #define HAVE_STDINT_H 1
| #define HAVE_UNISTD_H 1
| #define HAVE_ENDIAN_H 1
| #define HAVE_FCNTL_H 1
| #define HAVE_MNTENT_H 1
| #define HAVE_UNISTD_H 1
| #define HAVE_STDBOOL_H 1
| #define HAVE_STDINT_H 1
| #define HAVE_SYS_MOUNT_H 1
| #define HAVE_SYS_PARAM_H 1
| #define HAVE_SYS_STATVFS_H 1
| #define HAVE_SYS_SYSMACROS_H 1
| #define HAVE_UUID_UUID_H 1
| #define HAVE_STRUCT_STAT_ST_RDEV 1
| #define HAVE_ST_RDEV 1
| #define HAVE_GETCWD 1
| /* end confdefs.h.  */
| /* Define getmntinfo to an innocuous variant, in case <limits.h> declares getmntinfo.
|    For example, HP-UX 11i <limits.h> declares gettimeofday.  */
| #define getmntinfo innocuous_getmntinfo
| 
| /* System header to define __stub macros and hopefully few prototypes,
|     which can conflict with char getmntinfo (); below.
|     Prefer <limits.h> to <assert.h> if __STDC__ is defined, since
|     <limits.h> exists even on freestanding compilers.  */
| 
| #ifdef __STDC__
| # include <limits.h>
| #else
| # include <assert.h>
| #endif
| 
| #undef getmntinfo
| 
| /* Override any GCC internal prototype to avoid an error.
|    Use char because int might match the return type of a GCC
|    builtin and then its argument prototype would still apply.  */
| #ifdef __cplusplus
| extern "C"
| #endif
| char getmntinfo ();
| /* The GNU C library defines this for functions which it implements
|     to always fail with ENOSYS.  Some functions are actually named
|     something starting with __ and the normal name is an alias.  */
| #if defined __stub_getmntinfo || defined __stub___getmntinfo
| choke me
| #endif
| 
| int
| main ()
| {
| return getmntinfo ();
|   ;
|   return 0;
| }
configure:4583: result: no
configure:4583: checking for strtol
configure:4583: gcc -o conftest -g -O2   conftest.c  >&5
configure:4583: $? = 0
configure:4583: result: yes
configure:4583: checking for strtoul
configure:4583: gcc -o conftest -g -O2   conftest.c  >&5
configure:4583: $? = 0
configure:4583: result: yes
configure:4583: checking for posix_memalign
configure:4583: gcc -o conftest -g -O2   conftest.c  >&5
conftest.c:60:6: warning: conflicting types for built-in function 'posix_memalign'; expected 'int(void **, long unsigned int,  long unsigned int)' [-Wbuiltin-declaration-mismatch]
   60 | char posix_memalign ();
      |      ^~~~~~~~~~~~~~
configure:4583: $? = 0
configure:4583: result: yes
configure:4583: checking for memalign
configure:4583: gcc -o conftest -g -O2   conftest.c  >&5
configure:4583: $? = 0
configure:4583: result: yes
configure:4601: checking for special C compiler options needed for large files
configure:4646: result: no
configure:4652: checking for _FILE_OFFSET_BITS value needed for large files
configure:4677: gcc -c -g -O2  conftest.c >&5
configure:4677: $? = 0
configure:4709: result: no
configure:4792: checking for _LARGEFILE_SOURCE value needed for large files
configure:4811: gcc -o conftest -g -O2   conftest.c  >&5
configure:4811: $? = 0
configure:4839: result: no
configure:4987: creating ./config.status

## ---------------------- ##
## Running config.status. ##
## ---------------------- ##

This file was extended by config.status, which was
generated by GNU Autoconf 2.65.  Invocation command line was

  CONFIG_FILES    = 
  CONFIG_HEADERS  = 
  CONFIG_LINKS    = 
  CONFIG_COMMANDS = 
  $ ./config.status 

on Rinyuki-Laptop

config.status:881: creating Makefile
config.status:881: creating libfs/Makefile
config.status:881: creating include/Makefile
config.status:881: creating fsck/Makefile
config.status:881: creating fscklog/Makefile
config.status:881: creating logdump/Makefile
config.status:881: creating mkfs/Makefile
config.status:881: creating tune/Makefile
config.status:881: creating xpeek/Makefile
config.status:881: creating jfsutils.spec
config.status:881: creating config.h
config.status:1101: executing depfiles commands

## ---------------- ##
## Cache variables. ##
## ---------------- ##

ac_cv_c_compiler_gnu=yes
ac_cv_c_const=yes
ac_cv_c_inline=inline
ac_cv_env_CC_set=
ac_cv_env_CC_value=
ac_cv_env_CFLAGS_set=
ac_cv_env_CFLAGS_value=
ac_cv_env_CPPFLAGS_set=
ac_cv_env_CPPFLAGS_value=
ac_cv_env_CPP_set=
ac_cv_env_CPP_value=
ac_cv_env_LDFLAGS_set=
ac_cv_env_LDFLAGS_value=
ac_cv_env_LIBS_set=
ac_cv_env_LIBS_value=
ac_cv_env_build_alias_set=
ac_cv_env_build_alias_value=
ac_cv_env_host_alias_set=set
ac_cv_env_host_alias_value=mipsel-buildroot-linux-uclibc-
ac_cv_env_target_alias_set=
ac_cv_env_target_alias_value=
ac_cv_func_getcwd=yes
ac_cv_func_getmntinfo=no
ac_cv_func_memalign=yes
ac_cv_func_memcmp_working=yes
ac_cv_func_posix_memalign=yes
ac_cv_func_strtol=yes
ac_cv_func_strtoul=yes
ac_cv_header_endian_h=yes
ac_cv_header_fcntl_h=yes
ac_cv_header_inttypes_h=yes
ac_cv_header_machine_endian_h=no
ac_cv_header_memory_h=yes
ac_cv_header_mntent_h=yes
ac_cv_header_stdbool_h=yes
ac_cv_header_stdc=yes
ac_cv_header_stdint_h=yes
ac_cv_header_stdlib_h=yes
ac_cv_header_string_h=yes
ac_cv_header_strings_h=yes
ac_cv_header_sys_byteorder_h=no
ac_cv_header_sys_disklabel_h=no
ac_cv_header_sys_mount_h=yes
ac_cv_header_sys_param_h=yes
ac_cv_header_sys_stat_h=yes
ac_cv_header_sys_statvfs_h=yes
ac_cv_header_sys_sysmacros_h=yes
ac_cv_header_sys_types_h=yes
ac_cv_header_unistd_h=yes
ac_cv_header_uuid_uuid_h=yes
ac_cv_member_struct_stat_st_rdev=yes
ac_cv_objext=o
ac_cv_path_EGREP='/usr/bin/grep -E'
ac_cv_path_GREP=/usr/bin/grep
ac_cv_path_LN=/usr/bin/ln
ac_cv_path_install='/usr/bin/install -c'
ac_cv_path_mkdir=/usr/bin/mkdir
ac_cv_prog_AWK=gawk
ac_cv_prog_CPP='gcc -E'
ac_cv_prog_ac_ct_CC=gcc
ac_cv_prog_ac_ct_RANLIB=ranlib
ac_cv_prog_ac_ct_STRIP=strip
ac_cv_prog_cc_c89=
ac_cv_prog_cc_g=yes
ac_cv_prog_make_make_set=yes
ac_cv_struct_tm=time.h
ac_cv_sys_file_offset_bits=no
ac_cv_sys_largefile_CC=no
ac_cv_sys_largefile_source=no
ac_cv_type_mode_t=yes
ac_cv_type_off_t=yes
ac_cv_type_size_t=yes
am_cv_CC_dependencies_compiler_type=gcc3

## ----------------- ##
## Output variables. ##
## ----------------- ##

ACLOCAL='${SHELL} /data2/jfsutils-1.1.15/missing --run aclocal-1.11'
AMDEPBACKSLASH='\'
AMDEP_FALSE='#'
AMDEP_TRUE=''
AMTAR='${SHELL} /data2/jfsutils-1.1.15/missing --run tar'
AM_CFLAGS='-Wall -Wstrict-prototypes -fno-strict-aliasing'
AUTOCONF='${SHELL} /data2/jfsutils-1.1.15/missing --run autoconf'
AUTOHEADER='${SHELL} /data2/jfsutils-1.1.15/missing --run autoheader'
AUTOMAKE='${SHELL} /data2/jfsutils-1.1.15/missing --run automake-1.11'
AWK='gawk'
CC='gcc'
CCDEPMODE='depmode=gcc3'
CFLAGS='-g -O2'
CPP='gcc -E'
CPPFLAGS=''
CYGPATH_W='echo'
DEFS='-DHAVE_CONFIG_H'
DEPDIR='.deps'
ECHO_C=''
ECHO_N='-n'
ECHO_T=''
EGREP='/usr/bin/grep -E'
EXEEXT=''
GREP='/usr/bin/grep'
INSTALL_DATA='${INSTALL} -m 644'
INSTALL_PROGRAM='${INSTALL}'
INSTALL_SCRIPT='${INSTALL}'
INSTALL_STRIP_PROGRAM='$(install_sh) -c -s'
LDFLAGS=''
LIBOBJS=''
LIBS=''
LN='/usr/bin/ln'
LN_S='ln -s'
LTLIBOBJS=''
MAINT='#'
MAINTAINER_MODE_FALSE=''
MAINTAINER_MODE_TRUE='#'
MAKEINFO='${SHELL} /data2/jfsutils-1.1.15/missing --run makeinfo'
MKDIR_P='/usr/bin/mkdir -p'
OBJEXT='o'
PACKAGE='jfsutils'
PACKAGE_BUGREPORT=''
PACKAGE_NAME=''
PACKAGE_STRING=''
PACKAGE_TARNAME=''
PACKAGE_URL=''
PACKAGE_VERSION=''
PATH_SEPARATOR=':'
RANLIB='ranlib'
SET_MAKE=''
SHELL='/bin/bash'
STRIP='strip'
VERSION='1.1.15'
ac_ct_CC='gcc'
am__EXEEXT_FALSE=''
am__EXEEXT_TRUE='#'
am__fastdepCC_FALSE='#'
am__fastdepCC_TRUE=''
am__include='include'
am__isrc=''
am__leading_dot='.'
am__quote=''
am__tar='${AMTAR} chof - "$$tardir"'
am__untar='${AMTAR} xf -'
bindir='${exec_prefix}/bin'
build_alias=''
datadir='${datarootdir}'
datarootdir='${prefix}/share'
docdir='${datarootdir}/doc/${PACKAGE}'
dvidir='${docdir}'
exec_prefix='${prefix}'
host_alias='mipsel-buildroot-linux-uclibc-'
htmldir='${docdir}'
includedir='${prefix}/include'
infodir='${datarootdir}/info'
install_sh='${SHELL} /data2/jfsutils-1.1.15/install-sh'
libdir='${exec_prefix}/lib'
libexecdir='${exec_prefix}/libexec'
localedir='${datarootdir}/locale'
localstatedir='${prefix}/var'
mandir='${datarootdir}/man'
mkdir_p='/usr/bin/mkdir -p'
oldincludedir='/usr/include'
pdfdir='${docdir}'
prefix='/usr'
program_transform_name='s,x,x,'
psdir='${docdir}'
sbindir='/sbin'
sharedstatedir='${prefix}/com'
sysconfdir='${prefix}/etc'
target_alias=''

## ----------- ##
## confdefs.h. ##
## ----------- ##

/* confdefs.h */
#define PACKAGE_NAME ""
#define PACKAGE_TARNAME ""
#define PACKAGE_VERSION ""
#define PACKAGE_STRING ""
#define PACKAGE_BUGREPORT ""
#define PACKAGE_URL ""
#define PACKAGE "jfsutils"
#define VERSION "1.1.15"
#define STDC_HEADERS 1
#define HAVE_SYS_TYPES_H 1
#define HAVE_SYS_STAT_H 1
#define HAVE_STDLIB_H 1
#define HAVE_STRING_H 1
#define HAVE_MEMORY_H 1
#define HAVE_STRINGS_H 1
#define HAVE_INTTYPES_H 1
#define HAVE_STDINT_H 1
#define HAVE_UNISTD_H 1
#define HAVE_ENDIAN_H 1
#define HAVE_FCNTL_H 1
#define HAVE_MNTENT_H 1
#define HAVE_UNISTD_H 1
#define HAVE_STDBOOL_H 1
#define HAVE_STDINT_H 1
#define HAVE_SYS_MOUNT_H 1
#define HAVE_SYS_PARAM_H 1
#define HAVE_SYS_STATVFS_H 1
#define HAVE_SYS_SYSMACROS_H 1
#define HAVE_UUID_UUID_H 1
#define HAVE_STRUCT_STAT_ST_RDEV 1
#define HAVE_ST_RDEV 1
#define HAVE_GETCWD 1
#define HAVE_STRTOL 1
#define HAVE_STRTOUL 1
#define HAVE_POSIX_MEMALIGN 1
#define HAVE_MEMALIGN 1
#define HAVE_FSEEKO 1

configure: exit 0
